<?xml version="1.0" encoding="UTF-8"?>
<!-- Generated by org.testng.reporters.JUnitXMLReporter -->
<testsuite ignored="0" hostname="HP-PC" failures="0" tests="6" name="Default test" time="80.95" errors="0" timestamp="2021-03-26T03:20:06 GMT-07:00">
  <testcase classname="com.aequilibrium.test.LogIn.TestLogIn" name="loginTest" time="12.478"/>
  <testcase classname="com.aequilibrium.test.LogIn.TestLogIn" name="loginTest" time="21.549"/>
  <testcase classname="com.aequilibrium.test.LogIn.TestLogIn" name="loginTest" time="9.749"/>
  <testcase classname="com.aequilibrium.test.LogIn.TestLogIn" name="loginTest" time="6.795"/>
  <testcase classname="com.aequilibrium.test.LogIn.TestLogIn" name="loginTest" time="6.738"/>
  <testcase classname="com.aequilibrium.test.LogIn.TestLogIn" name="loginTest" time="6.707"/>
</testsuite> <!-- Default test -->
